<?xml version="1.0" encoding="UTF-8"?>
<!-- Generated by org.testng.reporters.JUnitReportReporter -->
<testsuite hostname="LAPTOP-6F5IMLR2" failures="0" tests="5" name="org.pjo.Test123" time="10.716" errors="0" timestamp="18 Jul 2024 10:09:14 GMT" skipped="0">
  <testcase classname="org.pjo.Test123" name="tc04" time="2.130"/>
  <testcase classname="org.pjo.Test123" name="tc01" time="3.216"/>
  <testcase classname="org.pjo.Test123" name="tc02" time="1.501"/>
  <testcase classname="org.pjo.Test123" name="tc03" time="2.270"/>
  <testcase classname="org.pjo.Test123" name="tc05" time="1.599"/>
</testsuite> <!-- org.pjo.Test123 -->
